


ARM Macro Assembler    Page 1 


    1 00000000         ;/******************************************************
                       ********************//**
    2 00000000         ; * @file     startup_M051Series.s
    3 00000000         ; * @version  V2.00
    4 00000000         ; * $Revision: 2 $
    5 00000000         ; * $Date: 16/06/28 1:34p $ 
    6 00000000         ; * @brief    M051 Series Startup Source File
    7 00000000         ; *
    8 00000000         ; * @note
    9 00000000         ; * Copyright (C) 2011 Nuvoton Technology Corp. All righ
                       ts reserved.
   10 00000000         ; *
   11 00000000         ; ******************************************************
                       ************************/
   12 00000000                 IF               :LNOT: :DEF: Stack_Size
   14                          ENDIF
   15 00000000         
   16 00000000                 AREA             STACK, NOINIT, READWRITE, ALIGN
=3
   17 00000000         Stack_Mem
                               SPACE            Stack_Size
   18 00000400         __initial_sp
   19 00000400         
   20 00000400         
   21 00000400         ; <h> Heap Configuration
   22 00000400         ;   <o>  Heap Size (in Bytes) <0x0-0xFFFFFFFF:8>
   23 00000400         ; </h>
   24 00000400                 IF               :LNOT: :DEF: Heap_Size
   26                          ENDIF
   27 00000400                 AREA             HEAP, NOINIT, READWRITE, ALIGN=
3
   28 00000000         __heap_base
   29 00000000         Heap_Mem
                               SPACE            Heap_Size
   30 00000000         __heap_limit
   31 00000000         
   32 00000000         
   33 00000000                 PRESERVE8
   34 00000000                 THUMB
   35 00000000         
   36 00000000         
   37 00000000         ; Vector Table Mapped to Address 0 at Reset
   38 00000000                 AREA             RESET, DATA, READONLY
   39 00000000                 EXPORT           __Vectors
   40 00000000         
   41 00000000 00000000 
                       __Vectors
                               DCD              __initial_sp ; Top of Stack
   42 00000004 00000000        DCD              Reset_Handler ; Reset Handler
   43 00000008 00000000        DCD              NMI_Handler ; NMI Handler
   44 0000000C 00000000        DCD              HardFault_Handler ; Hard Fault 
                                                            Handler
   45 00000010 00000000        DCD              0           ; Reserved
   46 00000014 00000000        DCD              0           ; Reserved
   47 00000018 00000000        DCD              0           ; Reserved
   48 0000001C 00000000        DCD              0           ; Reserved
   49 00000020 00000000        DCD              0           ; Reserved
   50 00000024 00000000        DCD              0           ; Reserved
   51 00000028 00000000        DCD              0           ; Reserved



ARM Macro Assembler    Page 2 


   52 0000002C 00000000        DCD              SVC_Handler ; SVCall Handler
   53 00000030 00000000        DCD              0           ; Reserved
   54 00000034 00000000        DCD              0           ; Reserved
   55 00000038 00000000        DCD              PendSV_Handler ; PendSV Handler
                                                            
   56 0000003C 00000000        DCD              SysTick_Handler 
                                                            ; SysTick Handler
   57 00000040         
   58 00000040         ; External Interrupts
   59 00000040         ; maximum of 32 External Interrupts are possible
   60 00000040 00000000        DCD              BOD_IRQHandler
   61 00000044 00000000        DCD              WDT_IRQHandler
   62 00000048 00000000        DCD              EINT024_IRQHandler
   63 0000004C 00000000        DCD              EINT135_IRQHandler
   64 00000050 00000000        DCD              GPAB_IRQHandler
   65 00000054 00000000        DCD              GPCDEF_IRQHandler
   66 00000058 00000000        DCD              PWM0_IRQHandler
   67 0000005C 00000000        DCD              PWM1_IRQHandler
   68 00000060 00000000        DCD              TMR0_IRQHandler
   69 00000064 00000000        DCD              TMR1_IRQHandler
   70 00000068 00000000        DCD              TMR2_IRQHandler
   71 0000006C 00000000        DCD              TMR3_IRQHandler
   72 00000070 00000000        DCD              UART02_IRQHandler
   73 00000074 00000000        DCD              UART1_IRQHandler
   74 00000078 00000000        DCD              SPI0_IRQHandler
   75 0000007C 00000000        DCD              SPI1_IRQHandler
   76 00000080 00000000        DCD              Default_Handler
   77 00000084 00000000        DCD              Default_Handler
   78 00000088 00000000        DCD              I2C0_IRQHandler
   79 0000008C 00000000        DCD              I2C1_IRQHandler
   80 00000090 00000000        DCD              Default_Handler
   81 00000094 00000000        DCD              Default_Handler
   82 00000098 00000000        DCD              USCI_IRQHandler
   83 0000009C 00000000        DCD              USBD_IRQHandler
   84 000000A0 00000000        DCD              SC01_IRQHandler
   85 000000A4 00000000        DCD              ACMP01_IRQHandler
   86 000000A8 00000000        DCD              PDMA_IRQHandler
   87 000000AC 00000000        DCD              Default_Handler
   88 000000B0 00000000        DCD              PWRWU_IRQHandler
   89 000000B4 00000000        DCD              ADC_IRQHandler
   90 000000B8 00000000        DCD              CLKDIRC_IRQHandler
   91 000000BC 00000000        DCD              RTC_IRQHandler
   92 000000C0         
   93 000000C0         
   94 000000C0         
   95 000000C0                 AREA             |.text|, CODE, READONLY
   96 00000000         
   97 00000000         
   98 00000000         
   99 00000000         ; Reset Handler 
  100 00000000         
  101 00000000                 ENTRY
  102 00000000         
  103 00000000         Reset_Handler
                               PROC
  104 00000000                 EXPORT           Reset_Handler             [WEAK
]
  105 00000000                 IMPORT           SystemInit
  106 00000000                 IMPORT           __main



ARM Macro Assembler    Page 3 


  107 00000000         
  108 00000000 4807            LDR              R0, =SystemInit
  109 00000002 4780            BLX              R0
  110 00000004 4807            LDR              R0, =__main
  111 00000006 4700            BX               R0
  112 00000008                 ENDP
  113 00000008         
  114 00000008         
  115 00000008         
  116 00000008         ; Dummy Exception Handlers (infinite loops which can be 
                       modified)
  117 00000008         
  118 00000008         NMI_Handler
                               PROC
  119 00000008                 EXPORT           NMI_Handler               [WEAK
]
  120 00000008 E7FE            B                .
  121 0000000A                 ENDP
  123 0000000A         HardFault_Handler
                               PROC
  124 0000000A                 EXPORT           HardFault_Handler         [WEAK
]
  125 0000000A E7FE            B                .
  126 0000000C                 ENDP
  127 0000000C         SVC_Handler
                               PROC
  128 0000000C                 EXPORT           SVC_Handler               [WEAK
]
  129 0000000C E7FE            B                .
  130 0000000E                 ENDP
  131 0000000E         PendSV_Handler
                               PROC
  132 0000000E                 EXPORT           PendSV_Handler            [WEAK
]
  133 0000000E E7FE            B                .
  134 00000010                 ENDP
  135 00000010         SysTick_Handler
                               PROC
  136 00000010                 EXPORT           SysTick_Handler           [WEAK
]
  137 00000010 E7FE            B                .
  138 00000012                 ENDP
  139 00000012         
  140 00000012         Default_Handler
                               PROC
  141 00000012         
  142 00000012                 EXPORT           BOD_IRQHandler            [WEAK
]
  143 00000012                 EXPORT           WDT_IRQHandler            [WEAK
]
  144 00000012                 EXPORT           EINT024_IRQHandler        [WEAK
]
  145 00000012                 EXPORT           EINT135_IRQHandler        [WEAK
]
  146 00000012                 EXPORT           GPAB_IRQHandler           [WEAK
]
  147 00000012                 EXPORT           GPCDEF_IRQHandler         [WEAK
]
  148 00000012                 EXPORT           PWM0_IRQHandler           [WEAK



ARM Macro Assembler    Page 4 


]
  149 00000012                 EXPORT           PWM1_IRQHandler           [WEAK
]
  150 00000012                 EXPORT           TMR0_IRQHandler           [WEAK
]
  151 00000012                 EXPORT           TMR1_IRQHandler           [WEAK
]
  152 00000012                 EXPORT           TMR2_IRQHandler           [WEAK
]
  153 00000012                 EXPORT           TMR3_IRQHandler           [WEAK
]
  154 00000012                 EXPORT           UART02_IRQHandler         [WEAK
]
  155 00000012                 EXPORT           UART1_IRQHandler          [WEAK
]
  156 00000012                 EXPORT           SPI0_IRQHandler           [WEAK
]
  157 00000012                 EXPORT           SPI1_IRQHandler           [WEAK
]
  158 00000012                 EXPORT           I2C0_IRQHandler           [WEAK
]
  159 00000012                 EXPORT           I2C1_IRQHandler           [WEAK
]
  160 00000012                 EXPORT           USCI_IRQHandler           [WEAK
]
  161 00000012                 EXPORT           USBD_IRQHandler           [WEAK
]
  162 00000012                 EXPORT           SC01_IRQHandler           [WEAK
]
  163 00000012                 EXPORT           ACMP01_IRQHandler         [WEAK
]
  164 00000012                 EXPORT           PDMA_IRQHandler           [WEAK
]
  165 00000012                 EXPORT           PWRWU_IRQHandler          [WEAK
]
  166 00000012                 EXPORT           ADC_IRQHandler            [WEAK
]
  167 00000012                 EXPORT           CLKDIRC_IRQHandler        [WEAK
]
  168 00000012                 EXPORT           RTC_IRQHandler            [WEAK
]
  169 00000012         
  170 00000012         BOD_IRQHandler
  171 00000012         WDT_IRQHandler
  172 00000012         EINT024_IRQHandler
  173 00000012         EINT135_IRQHandler
  174 00000012         GPAB_IRQHandler
  175 00000012         GPCDEF_IRQHandler
  176 00000012         PWM0_IRQHandler
  177 00000012         PWM1_IRQHandler
  178 00000012         TMR0_IRQHandler
  179 00000012         TMR1_IRQHandler
  180 00000012         TMR2_IRQHandler
  181 00000012         TMR3_IRQHandler
  182 00000012         UART02_IRQHandler
  183 00000012         UART1_IRQHandler
  184 00000012         SPI0_IRQHandler
  185 00000012         SPI1_IRQHandler
  186 00000012         I2C0_IRQHandler



ARM Macro Assembler    Page 5 


  187 00000012         I2C1_IRQHandler
  188 00000012         USCI_IRQHandler
  189 00000012         USBD_IRQHandler
  190 00000012         SC01_IRQHandler
  191 00000012         ACMP01_IRQHandler
  192 00000012         PDMA_IRQHandler
  193 00000012         PWRWU_IRQHandler
  194 00000012         ADC_IRQHandler
  195 00000012         CLKDIRC_IRQHandler
  196 00000012         RTC_IRQHandler
  197 00000012 E7FE            B                .
  198 00000014                 ENDP
  199 00000014         
  200 00000014         
  201 00000014                 ALIGN
  202 00000014         
  203 00000014         
  204 00000014         ; User Initial Stack & Heap
  205 00000014         
  206 00000014                 IF               :DEF:__MICROLIB
  213 00000014         
  214 00000014                 IMPORT           __use_two_region_memory
  215 00000014                 EXPORT           __user_initial_stackheap
  216 00000014         __user_initial_stackheap
  217 00000014         
  218 00000014 4804            LDR              R0, =  Heap_Mem
  219 00000016 4905            LDR              R1, = (Stack_Mem + Stack_Size)
  220 00000018 4A03            LDR              R2, = (Heap_Mem +  Heap_Size)
  221 0000001A 4B05            LDR              R3, = Stack_Mem
  222 0000001C 4770            BX               LR
  223 0000001E         
  224 0000001E 00 00           ALIGN
  225 00000020         
  226 00000020                 ENDIF
  227 00000020         
  228 00000020                 END
              00000000 
              00000000 
              00000000 
              00000400 
              00000000 
Command Line: --16 --debug --xref --diag_suppress=9931 --cpu=Cortex-M0 --apcs=i
nterwork --depend=.\obj\startup_nuc029xge.d -o.\obj\startup_nuc029xge.o -IC:\Ke
il_v5\ARM\RV31\INC -IC:\Keil_v5\ARM\CMSIS\Include --predefine="__UVISION_VERSIO
N SETA 522" --list=.\lst\startup_nuc029xge.lst ..\lib\Device\Nuvoton\NUC029xGE\
Source\ARM\startup_NUC029xGE.s



ARM Macro Assembler    Page 1 Alphabetic symbol ordering
Relocatable symbols

STACK 00000000

Symbol: STACK
   Definitions
      At line 16 in file ..\lib\Device\Nuvoton\NUC029xGE\Source\ARM\startup_NUC
029xGE.s
   Uses
      None
Comment: STACK unused
Stack_Mem 00000000

Symbol: Stack_Mem
   Definitions
      At line 17 in file ..\lib\Device\Nuvoton\NUC029xGE\Source\ARM\startup_NUC
029xGE.s
   Uses
      At line 219 in file ..\lib\Device\Nuvoton\NUC029xGE\Source\ARM\startup_NU
C029xGE.s
      At line 221 in file ..\lib\Device\Nuvoton\NUC029xGE\Source\ARM\startup_NU
C029xGE.s

__initial_sp 00000400

Symbol: __initial_sp
   Definitions
      At line 18 in file ..\lib\Device\Nuvoton\NUC029xGE\Source\ARM\startup_NUC
029xGE.s
   Uses
      At line 41 in file ..\lib\Device\Nuvoton\NUC029xGE\Source\ARM\startup_NUC
029xGE.s
Comment: __initial_sp used once
3 symbols



ARM Macro Assembler    Page 1 Alphabetic symbol ordering
Relocatable symbols

HEAP 00000000

Symbol: HEAP
   Definitions
      At line 27 in file ..\lib\Device\Nuvoton\NUC029xGE\Source\ARM\startup_NUC
029xGE.s
   Uses
      None
Comment: HEAP unused
Heap_Mem 00000000

Symbol: Heap_Mem
   Definitions
      At line 29 in file ..\lib\Device\Nuvoton\NUC029xGE\Source\ARM\startup_NUC
029xGE.s
   Uses
      At line 218 in file ..\lib\Device\Nuvoton\NUC029xGE\Source\ARM\startup_NU
C029xGE.s
      At line 220 in file ..\lib\Device\Nuvoton\NUC029xGE\Source\ARM\startup_NU
C029xGE.s

__heap_base 00000000

Symbol: __heap_base
   Definitions
      At line 28 in file ..\lib\Device\Nuvoton\NUC029xGE\Source\ARM\startup_NUC
029xGE.s
   Uses
      None
Comment: __heap_base unused
__heap_limit 00000000

Symbol: __heap_limit
   Definitions
      At line 30 in file ..\lib\Device\Nuvoton\NUC029xGE\Source\ARM\startup_NUC
029xGE.s
   Uses
      None
Comment: __heap_limit unused
4 symbols



ARM Macro Assembler    Page 1 Alphabetic symbol ordering
Relocatable symbols

RESET 00000000

Symbol: RESET
   Definitions
      At line 38 in file ..\lib\Device\Nuvoton\NUC029xGE\Source\ARM\startup_NUC
029xGE.s
   Uses
      None
Comment: RESET unused
__Vectors 00000000

Symbol: __Vectors
   Definitions
      At line 41 in file ..\lib\Device\Nuvoton\NUC029xGE\Source\ARM\startup_NUC
029xGE.s
   Uses
      At line 39 in file ..\lib\Device\Nuvoton\NUC029xGE\Source\ARM\startup_NUC
029xGE.s
Comment: __Vectors used once
2 symbols



ARM Macro Assembler    Page 1 Alphabetic symbol ordering
Relocatable symbols

.text 00000000

Symbol: .text
   Definitions
      At line 95 in file ..\lib\Device\Nuvoton\NUC029xGE\Source\ARM\startup_NUC
029xGE.s
   Uses
      None
Comment: .text unused
ACMP01_IRQHandler 00000012

Symbol: ACMP01_IRQHandler
   Definitions
      At line 191 in file ..\lib\Device\Nuvoton\NUC029xGE\Source\ARM\startup_NU
C029xGE.s
   Uses
      At line 85 in file ..\lib\Device\Nuvoton\NUC029xGE\Source\ARM\startup_NUC
029xGE.s
      At line 163 in file ..\lib\Device\Nuvoton\NUC029xGE\Source\ARM\startup_NU
C029xGE.s

ADC_IRQHandler 00000012

Symbol: ADC_IRQHandler
   Definitions
      At line 194 in file ..\lib\Device\Nuvoton\NUC029xGE\Source\ARM\startup_NU
C029xGE.s
   Uses
      At line 89 in file ..\lib\Device\Nuvoton\NUC029xGE\Source\ARM\startup_NUC
029xGE.s
      At line 166 in file ..\lib\Device\Nuvoton\NUC029xGE\Source\ARM\startup_NU
C029xGE.s

BOD_IRQHandler 00000012

Symbol: BOD_IRQHandler
   Definitions
      At line 170 in file ..\lib\Device\Nuvoton\NUC029xGE\Source\ARM\startup_NU
C029xGE.s
   Uses
      At line 60 in file ..\lib\Device\Nuvoton\NUC029xGE\Source\ARM\startup_NUC
029xGE.s
      At line 142 in file ..\lib\Device\Nuvoton\NUC029xGE\Source\ARM\startup_NU
C029xGE.s

CLKDIRC_IRQHandler 00000012

Symbol: CLKDIRC_IRQHandler
   Definitions
      At line 195 in file ..\lib\Device\Nuvoton\NUC029xGE\Source\ARM\startup_NU
C029xGE.s
   Uses
      At line 90 in file ..\lib\Device\Nuvoton\NUC029xGE\Source\ARM\startup_NUC
029xGE.s
      At line 167 in file ..\lib\Device\Nuvoton\NUC029xGE\Source\ARM\startup_NU
C029xGE.s

Default_Handler 00000012




ARM Macro Assembler    Page 2 Alphabetic symbol ordering
Relocatable symbols

Symbol: Default_Handler
   Definitions
      At line 140 in file ..\lib\Device\Nuvoton\NUC029xGE\Source\ARM\startup_NU
C029xGE.s
   Uses
      At line 76 in file ..\lib\Device\Nuvoton\NUC029xGE\Source\ARM\startup_NUC
029xGE.s
      At line 77 in file ..\lib\Device\Nuvoton\NUC029xGE\Source\ARM\startup_NUC
029xGE.s
      At line 80 in file ..\lib\Device\Nuvoton\NUC029xGE\Source\ARM\startup_NUC
029xGE.s
      At line 81 in file ..\lib\Device\Nuvoton\NUC029xGE\Source\ARM\startup_NUC
029xGE.s
      At line 87 in file ..\lib\Device\Nuvoton\NUC029xGE\Source\ARM\startup_NUC
029xGE.s

EINT024_IRQHandler 00000012

Symbol: EINT024_IRQHandler
   Definitions
      At line 172 in file ..\lib\Device\Nuvoton\NUC029xGE\Source\ARM\startup_NU
C029xGE.s
   Uses
      At line 62 in file ..\lib\Device\Nuvoton\NUC029xGE\Source\ARM\startup_NUC
029xGE.s
      At line 144 in file ..\lib\Device\Nuvoton\NUC029xGE\Source\ARM\startup_NU
C029xGE.s

EINT135_IRQHandler 00000012

Symbol: EINT135_IRQHandler
   Definitions
      At line 173 in file ..\lib\Device\Nuvoton\NUC029xGE\Source\ARM\startup_NU
C029xGE.s
   Uses
      At line 63 in file ..\lib\Device\Nuvoton\NUC029xGE\Source\ARM\startup_NUC
029xGE.s
      At line 145 in file ..\lib\Device\Nuvoton\NUC029xGE\Source\ARM\startup_NU
C029xGE.s

GPAB_IRQHandler 00000012

Symbol: GPAB_IRQHandler
   Definitions
      At line 174 in file ..\lib\Device\Nuvoton\NUC029xGE\Source\ARM\startup_NU
C029xGE.s
   Uses
      At line 64 in file ..\lib\Device\Nuvoton\NUC029xGE\Source\ARM\startup_NUC
029xGE.s
      At line 146 in file ..\lib\Device\Nuvoton\NUC029xGE\Source\ARM\startup_NU
C029xGE.s

GPCDEF_IRQHandler 00000012

Symbol: GPCDEF_IRQHandler
   Definitions
      At line 175 in file ..\lib\Device\Nuvoton\NUC029xGE\Source\ARM\startup_NU
C029xGE.s
   Uses



ARM Macro Assembler    Page 3 Alphabetic symbol ordering
Relocatable symbols

      At line 65 in file ..\lib\Device\Nuvoton\NUC029xGE\Source\ARM\startup_NUC
029xGE.s
      At line 147 in file ..\lib\Device\Nuvoton\NUC029xGE\Source\ARM\startup_NU
C029xGE.s

HardFault_Handler 0000000A

Symbol: HardFault_Handler
   Definitions
      At line 123 in file ..\lib\Device\Nuvoton\NUC029xGE\Source\ARM\startup_NU
C029xGE.s
   Uses
      At line 44 in file ..\lib\Device\Nuvoton\NUC029xGE\Source\ARM\startup_NUC
029xGE.s
      At line 124 in file ..\lib\Device\Nuvoton\NUC029xGE\Source\ARM\startup_NU
C029xGE.s

I2C0_IRQHandler 00000012

Symbol: I2C0_IRQHandler
   Definitions
      At line 186 in file ..\lib\Device\Nuvoton\NUC029xGE\Source\ARM\startup_NU
C029xGE.s
   Uses
      At line 78 in file ..\lib\Device\Nuvoton\NUC029xGE\Source\ARM\startup_NUC
029xGE.s
      At line 158 in file ..\lib\Device\Nuvoton\NUC029xGE\Source\ARM\startup_NU
C029xGE.s

I2C1_IRQHandler 00000012

Symbol: I2C1_IRQHandler
   Definitions
      At line 187 in file ..\lib\Device\Nuvoton\NUC029xGE\Source\ARM\startup_NU
C029xGE.s
   Uses
      At line 79 in file ..\lib\Device\Nuvoton\NUC029xGE\Source\ARM\startup_NUC
029xGE.s
      At line 159 in file ..\lib\Device\Nuvoton\NUC029xGE\Source\ARM\startup_NU
C029xGE.s

NMI_Handler 00000008

Symbol: NMI_Handler
   Definitions
      At line 118 in file ..\lib\Device\Nuvoton\NUC029xGE\Source\ARM\startup_NU
C029xGE.s
   Uses
      At line 43 in file ..\lib\Device\Nuvoton\NUC029xGE\Source\ARM\startup_NUC
029xGE.s
      At line 119 in file ..\lib\Device\Nuvoton\NUC029xGE\Source\ARM\startup_NU
C029xGE.s

PDMA_IRQHandler 00000012

Symbol: PDMA_IRQHandler
   Definitions
      At line 192 in file ..\lib\Device\Nuvoton\NUC029xGE\Source\ARM\startup_NU
C029xGE.s



ARM Macro Assembler    Page 4 Alphabetic symbol ordering
Relocatable symbols

   Uses
      At line 86 in file ..\lib\Device\Nuvoton\NUC029xGE\Source\ARM\startup_NUC
029xGE.s
      At line 164 in file ..\lib\Device\Nuvoton\NUC029xGE\Source\ARM\startup_NU
C029xGE.s

PWM0_IRQHandler 00000012

Symbol: PWM0_IRQHandler
   Definitions
      At line 176 in file ..\lib\Device\Nuvoton\NUC029xGE\Source\ARM\startup_NU
C029xGE.s
   Uses
      At line 66 in file ..\lib\Device\Nuvoton\NUC029xGE\Source\ARM\startup_NUC
029xGE.s
      At line 148 in file ..\lib\Device\Nuvoton\NUC029xGE\Source\ARM\startup_NU
C029xGE.s

PWM1_IRQHandler 00000012

Symbol: PWM1_IRQHandler
   Definitions
      At line 177 in file ..\lib\Device\Nuvoton\NUC029xGE\Source\ARM\startup_NU
C029xGE.s
   Uses
      At line 67 in file ..\lib\Device\Nuvoton\NUC029xGE\Source\ARM\startup_NUC
029xGE.s
      At line 149 in file ..\lib\Device\Nuvoton\NUC029xGE\Source\ARM\startup_NU
C029xGE.s

PWRWU_IRQHandler 00000012

Symbol: PWRWU_IRQHandler
   Definitions
      At line 193 in file ..\lib\Device\Nuvoton\NUC029xGE\Source\ARM\startup_NU
C029xGE.s
   Uses
      At line 88 in file ..\lib\Device\Nuvoton\NUC029xGE\Source\ARM\startup_NUC
029xGE.s
      At line 165 in file ..\lib\Device\Nuvoton\NUC029xGE\Source\ARM\startup_NU
C029xGE.s

PendSV_Handler 0000000E

Symbol: PendSV_Handler
   Definitions
      At line 131 in file ..\lib\Device\Nuvoton\NUC029xGE\Source\ARM\startup_NU
C029xGE.s
   Uses
      At line 55 in file ..\lib\Device\Nuvoton\NUC029xGE\Source\ARM\startup_NUC
029xGE.s
      At line 132 in file ..\lib\Device\Nuvoton\NUC029xGE\Source\ARM\startup_NU
C029xGE.s

RTC_IRQHandler 00000012

Symbol: RTC_IRQHandler
   Definitions
      At line 196 in file ..\lib\Device\Nuvoton\NUC029xGE\Source\ARM\startup_NU



ARM Macro Assembler    Page 5 Alphabetic symbol ordering
Relocatable symbols

C029xGE.s
   Uses
      At line 91 in file ..\lib\Device\Nuvoton\NUC029xGE\Source\ARM\startup_NUC
029xGE.s
      At line 168 in file ..\lib\Device\Nuvoton\NUC029xGE\Source\ARM\startup_NU
C029xGE.s

Reset_Handler 00000000

Symbol: Reset_Handler
   Definitions
      At line 103 in file ..\lib\Device\Nuvoton\NUC029xGE\Source\ARM\startup_NU
C029xGE.s
   Uses
      At line 42 in file ..\lib\Device\Nuvoton\NUC029xGE\Source\ARM\startup_NUC
029xGE.s
      At line 104 in file ..\lib\Device\Nuvoton\NUC029xGE\Source\ARM\startup_NU
C029xGE.s

SC01_IRQHandler 00000012

Symbol: SC01_IRQHandler
   Definitions
      At line 190 in file ..\lib\Device\Nuvoton\NUC029xGE\Source\ARM\startup_NU
C029xGE.s
   Uses
      At line 84 in file ..\lib\Device\Nuvoton\NUC029xGE\Source\ARM\startup_NUC
029xGE.s
      At line 162 in file ..\lib\Device\Nuvoton\NUC029xGE\Source\ARM\startup_NU
C029xGE.s

SPI0_IRQHandler 00000012

Symbol: SPI0_IRQHandler
   Definitions
      At line 184 in file ..\lib\Device\Nuvoton\NUC029xGE\Source\ARM\startup_NU
C029xGE.s
   Uses
      At line 74 in file ..\lib\Device\Nuvoton\NUC029xGE\Source\ARM\startup_NUC
029xGE.s
      At line 156 in file ..\lib\Device\Nuvoton\NUC029xGE\Source\ARM\startup_NU
C029xGE.s

SPI1_IRQHandler 00000012

Symbol: SPI1_IRQHandler
   Definitions
      At line 185 in file ..\lib\Device\Nuvoton\NUC029xGE\Source\ARM\startup_NU
C029xGE.s
   Uses
      At line 75 in file ..\lib\Device\Nuvoton\NUC029xGE\Source\ARM\startup_NUC
029xGE.s
      At line 157 in file ..\lib\Device\Nuvoton\NUC029xGE\Source\ARM\startup_NU
C029xGE.s

SVC_Handler 0000000C

Symbol: SVC_Handler
   Definitions



ARM Macro Assembler    Page 6 Alphabetic symbol ordering
Relocatable symbols

      At line 127 in file ..\lib\Device\Nuvoton\NUC029xGE\Source\ARM\startup_NU
C029xGE.s
   Uses
      At line 52 in file ..\lib\Device\Nuvoton\NUC029xGE\Source\ARM\startup_NUC
029xGE.s
      At line 128 in file ..\lib\Device\Nuvoton\NUC029xGE\Source\ARM\startup_NU
C029xGE.s

SysTick_Handler 00000010

Symbol: SysTick_Handler
   Definitions
      At line 135 in file ..\lib\Device\Nuvoton\NUC029xGE\Source\ARM\startup_NU
C029xGE.s
   Uses
      At line 56 in file ..\lib\Device\Nuvoton\NUC029xGE\Source\ARM\startup_NUC
029xGE.s
      At line 136 in file ..\lib\Device\Nuvoton\NUC029xGE\Source\ARM\startup_NU
C029xGE.s

TMR0_IRQHandler 00000012

Symbol: TMR0_IRQHandler
   Definitions
      At line 178 in file ..\lib\Device\Nuvoton\NUC029xGE\Source\ARM\startup_NU
C029xGE.s
   Uses
      At line 68 in file ..\lib\Device\Nuvoton\NUC029xGE\Source\ARM\startup_NUC
029xGE.s
      At line 150 in file ..\lib\Device\Nuvoton\NUC029xGE\Source\ARM\startup_NU
C029xGE.s

TMR1_IRQHandler 00000012

Symbol: TMR1_IRQHandler
   Definitions
      At line 179 in file ..\lib\Device\Nuvoton\NUC029xGE\Source\ARM\startup_NU
C029xGE.s
   Uses
      At line 69 in file ..\lib\Device\Nuvoton\NUC029xGE\Source\ARM\startup_NUC
029xGE.s
      At line 151 in file ..\lib\Device\Nuvoton\NUC029xGE\Source\ARM\startup_NU
C029xGE.s

TMR2_IRQHandler 00000012

Symbol: TMR2_IRQHandler
   Definitions
      At line 180 in file ..\lib\Device\Nuvoton\NUC029xGE\Source\ARM\startup_NU
C029xGE.s
   Uses
      At line 70 in file ..\lib\Device\Nuvoton\NUC029xGE\Source\ARM\startup_NUC
029xGE.s
      At line 152 in file ..\lib\Device\Nuvoton\NUC029xGE\Source\ARM\startup_NU
C029xGE.s

TMR3_IRQHandler 00000012

Symbol: TMR3_IRQHandler



ARM Macro Assembler    Page 7 Alphabetic symbol ordering
Relocatable symbols

   Definitions
      At line 181 in file ..\lib\Device\Nuvoton\NUC029xGE\Source\ARM\startup_NU
C029xGE.s
   Uses
      At line 71 in file ..\lib\Device\Nuvoton\NUC029xGE\Source\ARM\startup_NUC
029xGE.s
      At line 153 in file ..\lib\Device\Nuvoton\NUC029xGE\Source\ARM\startup_NU
C029xGE.s

UART02_IRQHandler 00000012

Symbol: UART02_IRQHandler
   Definitions
      At line 182 in file ..\lib\Device\Nuvoton\NUC029xGE\Source\ARM\startup_NU
C029xGE.s
   Uses
      At line 72 in file ..\lib\Device\Nuvoton\NUC029xGE\Source\ARM\startup_NUC
029xGE.s
      At line 154 in file ..\lib\Device\Nuvoton\NUC029xGE\Source\ARM\startup_NU
C029xGE.s

UART1_IRQHandler 00000012

Symbol: UART1_IRQHandler
   Definitions
      At line 183 in file ..\lib\Device\Nuvoton\NUC029xGE\Source\ARM\startup_NU
C029xGE.s
   Uses
      At line 73 in file ..\lib\Device\Nuvoton\NUC029xGE\Source\ARM\startup_NUC
029xGE.s
      At line 155 in file ..\lib\Device\Nuvoton\NUC029xGE\Source\ARM\startup_NU
C029xGE.s

USBD_IRQHandler 00000012

Symbol: USBD_IRQHandler
   Definitions
      At line 189 in file ..\lib\Device\Nuvoton\NUC029xGE\Source\ARM\startup_NU
C029xGE.s
   Uses
      At line 83 in file ..\lib\Device\Nuvoton\NUC029xGE\Source\ARM\startup_NUC
029xGE.s
      At line 161 in file ..\lib\Device\Nuvoton\NUC029xGE\Source\ARM\startup_NU
C029xGE.s

USCI_IRQHandler 00000012

Symbol: USCI_IRQHandler
   Definitions
      At line 188 in file ..\lib\Device\Nuvoton\NUC029xGE\Source\ARM\startup_NU
C029xGE.s
   Uses
      At line 82 in file ..\lib\Device\Nuvoton\NUC029xGE\Source\ARM\startup_NUC
029xGE.s
      At line 160 in file ..\lib\Device\Nuvoton\NUC029xGE\Source\ARM\startup_NU
C029xGE.s

WDT_IRQHandler 00000012




ARM Macro Assembler    Page 8 Alphabetic symbol ordering
Relocatable symbols

Symbol: WDT_IRQHandler
   Definitions
      At line 171 in file ..\lib\Device\Nuvoton\NUC029xGE\Source\ARM\startup_NU
C029xGE.s
   Uses
      At line 61 in file ..\lib\Device\Nuvoton\NUC029xGE\Source\ARM\startup_NUC
029xGE.s
      At line 143 in file ..\lib\Device\Nuvoton\NUC029xGE\Source\ARM\startup_NU
C029xGE.s

__user_initial_stackheap 00000014

Symbol: __user_initial_stackheap
   Definitions
      At line 216 in file ..\lib\Device\Nuvoton\NUC029xGE\Source\ARM\startup_NU
C029xGE.s
   Uses
      At line 215 in file ..\lib\Device\Nuvoton\NUC029xGE\Source\ARM\startup_NU
C029xGE.s
Comment: __user_initial_stackheap used once
36 symbols



ARM Macro Assembler    Page 1 Alphabetic symbol ordering
Absolute symbols

Heap_Size 00000000

Symbol: Heap_Size
   Definitions
      At line 25 in file ..\lib\Device\Nuvoton\NUC029xGE\Source\ARM\startup_NUC
029xGE.s
   Uses
      At line 29 in file ..\lib\Device\Nuvoton\NUC029xGE\Source\ARM\startup_NUC
029xGE.s
      At line 220 in file ..\lib\Device\Nuvoton\NUC029xGE\Source\ARM\startup_NU
C029xGE.s

Stack_Size 00000400

Symbol: Stack_Size
   Definitions
      At line 13 in file ..\lib\Device\Nuvoton\NUC029xGE\Source\ARM\startup_NUC
029xGE.s
   Uses
      At line 17 in file ..\lib\Device\Nuvoton\NUC029xGE\Source\ARM\startup_NUC
029xGE.s
      At line 219 in file ..\lib\Device\Nuvoton\NUC029xGE\Source\ARM\startup_NU
C029xGE.s

2 symbols



ARM Macro Assembler    Page 1 Alphabetic symbol ordering
External symbols

SystemInit 00000000

Symbol: SystemInit
   Definitions
      At line 105 in file ..\lib\Device\Nuvoton\NUC029xGE\Source\ARM\startup_NU
C029xGE.s
   Uses
      At line 108 in file ..\lib\Device\Nuvoton\NUC029xGE\Source\ARM\startup_NU
C029xGE.s
Comment: SystemInit used once
__main 00000000

Symbol: __main
   Definitions
      At line 106 in file ..\lib\Device\Nuvoton\NUC029xGE\Source\ARM\startup_NU
C029xGE.s
   Uses
      At line 110 in file ..\lib\Device\Nuvoton\NUC029xGE\Source\ARM\startup_NU
C029xGE.s
Comment: __main used once
__use_two_region_memory 00000000

Symbol: __use_two_region_memory
   Definitions
      At line 214 in file ..\lib\Device\Nuvoton\NUC029xGE\Source\ARM\startup_NU
C029xGE.s
   Uses
      None
Comment: __use_two_region_memory unused
3 symbols
387 symbols in table
